#
# There is insufficient memory for the Java Runtime Environment to continue.
# Native memory allocation (mmap) failed to map 534773760 bytes for Failed to commit area from 0x0000000602e00000 to 0x0000000622c00000 of length 534773760.
# Possible reasons:
#   The system is out of physical RAM or swap space
#   The process is running with CompressedOops enabled, and the Java Heap may be blocking the growth of the native heap
# Possible solutions:
#   Reduce memory load on the system
#   Increase physical memory or swap space
#   Check if swap backing store is full
#   Decrease Java heap size (-Xmx/-Xms)
#   Decrease number of Java threads
#   Decrease Java thread stack sizes (-Xss)
#   Set larger code cache with -XX:ReservedCodeCacheSize=
# This output file may be truncated or incomplete.
#
#  Out of Memory Error (./src/hotspot/os/windows/os_windows.cpp:3387), pid=24688, tid=24948
#
# JRE version:  (11.0.14.1+1) (build )
# Java VM: OpenJDK 64-Bit Server VM (11.0.14.1+1, mixed mode, sharing, tiered, compressed oops, g1 gc, windows-amd64)
# No core dump will be written. Minidumps are not enabled by default on client versions of Windows
#

---------------  S U M M A R Y ------------

Command Line: 

Host: 12th Gen Intel(R) Core(TM) i7-12700, 20 cores, 31G,  Windows 10 , 64 bit Build 19041 (10.0.19041.2546)
Time: Sun Feb 18 12:17:40 2024 中国标准时间 elapsed time: 3.645480 seconds (0d 0h 0m 3s)

---------------  T H R E A D  ---------------

Current thread (0x000002423a64c000):  JavaThread "Unknown thread" [_thread_in_vm, id=24948, stack(0x000000e74a000000,0x000000e74a100000)]

Stack: [0x000000e74a000000,0x000000e74a100000]
Native frames: (J=compiled Java code, j=interpreted, Vv=VM code, C=native code)
V  [jvm.dll+0x61e59a]
V  [jvm.dll+0x7aaca9]
V  [jvm.dll+0x7ac398]
V  [jvm.dll+0x7aca73]
V  [jvm.dll+0x24f9b8]
V  [jvm.dll+0x61b83a]
V  [jvm.dll+0x6100c5]
V  [jvm.dll+0x30772c]
V  [jvm.dll+0x3075b2]
V  [jvm.dll+0x30c2d6]
V  [jvm.dll+0x35272f]
V  [jvm.dll+0x352160]
V  [jvm.dll+0x2e4728]
V  [jvm.dll+0x2e5886]
V  [jvm.dll+0x784b07]
V  [jvm.dll+0x78628f]
V  [jvm.dll+0x35f479]
V  [jvm.dll+0x767aa0]
V  [jvm.dll+0x3ccf1f]
V  [jvm.dll+0x3cf2b1]
C  [jli.dll+0x5207]
C  [ucrtbase.dll+0x21bb2]
C  [KERNEL32.DLL+0x17614]
C  [ntdll.dll+0x526a1]


---------------  P R O C E S S  ---------------

Threads class SMR info:
_java_thread_list=0x0000024238c133f0, length=0, elements={
}

Java Threads: ( => current thread )

Other Threads:
  0x000002423a666000 GCTaskThread "GC Thread#0" [stack: 0x000000e74a100000,0x000000e74a200000] [id=26132]
  0x000002423a6e7000 ConcurrentGCThread "G1 Main Marker" [stack: 0x000000e74a200000,0x000000e74a300000] [id=27604]
  0x000002423a6e8000 ConcurrentGCThread "G1 Conc#0" [stack: 0x000000e74a300000,0x000000e74a400000] [id=2308]

[error occurred during error reporting (printing all threads), id 0xc0000005, EXCEPTION_ACCESS_VIOLATION (0xc0000005) at pc=0x00007ffea0133ef7]

VM state:not at safepoint (not fully initialized)

VM Mutex/Monitor currently owned by a thread:  ([mutex/lock_event])
[0x000002423a647cf0] Heap_lock - owner thread: 0x000002423a64c000

Heap address: 0x0000000602e00000, size: 8146 MB, Compressed Oops mode: Non-zero based: 0x0000000602e00000
Narrow klass base: 0x0000000000000000, Narrow klass shift: 0

GC Heap History (0 events):
No events

Deoptimization events (0 events):
No events

Classes redefined (0 events):
No events

Internal exceptions (0 events):
No events

Events (1 events):
Event: 0.003 Loaded shared library D:\Program Files\Unity3d\2022.3.11f1c1\Editor\Data\PlaybackEngines\AndroidPlayer\OpenJDK\bin\zip.dll


Dynamic libraries:
0x00007ff7789e0000 - 0x00007ff7789ed000 	D:\Program Files\Unity3d\2022.3.11f1c1\Editor\Data\PlaybackEngines\AndroidPlayer\OpenJDK\bin\java.exe
0x00007fff4cbd0000 - 0x00007fff4cdc8000 	C:\Windows\SYSTEM32\ntdll.dll
0x00007fff4b350000 - 0x00007fff4b40f000 	C:\Windows\System32\KERNEL32.DLL
0x00007fff4a890000 - 0x00007fff4ab62000 	C:\Windows\System32\KERNELBASE.dll
0x00007fff4a660000 - 0x00007fff4a760000 	C:\Windows\System32\ucrtbase.dll
0x00007ffeeb810000 - 0x00007ffeeb827000 	D:\Program Files\Unity3d\2022.3.11f1c1\Editor\Data\PlaybackEngines\AndroidPlayer\OpenJDK\bin\jli.dll
0x00007ffeeaf20000 - 0x00007ffeeaf35000 	D:\Program Files\Unity3d\2022.3.11f1c1\Editor\Data\PlaybackEngines\AndroidPlayer\OpenJDK\bin\VCRUNTIME140.dll
0x00007fff4ae50000 - 0x00007fff4aff1000 	C:\Windows\System32\USER32.dll
0x00007fff4a860000 - 0x00007fff4a882000 	C:\Windows\System32\win32u.dll
0x00007fff4c8f0000 - 0x00007fff4c91b000 	C:\Windows\System32\GDI32.dll
0x00007fff37d90000 - 0x00007fff3802a000 	C:\Windows\WinSxS\amd64_microsoft.windows.common-controls_6595b64144ccf1df_6.0.19041.1110_none_60b5254171f9507e\COMCTL32.dll
0x00007fff4a550000 - 0x00007fff4a65f000 	C:\Windows\System32\gdi32full.dll
0x00007fff4caf0000 - 0x00007fff4cb8e000 	C:\Windows\System32\msvcrt.dll
0x00007fff4ab70000 - 0x00007fff4ac0d000 	C:\Windows\System32\msvcp_win.dll
0x00007fff4b000000 - 0x00007fff4b032000 	C:\Windows\System32\IMM32.DLL
0x00007ffedbe30000 - 0x00007ffedbecb000 	D:\Program Files\Unity3d\2022.3.11f1c1\Editor\Data\PlaybackEngines\AndroidPlayer\OpenJDK\bin\msvcp140.dll
0x00007ffe9fe40000 - 0x00007ffea09c1000 	D:\Program Files\Unity3d\2022.3.11f1c1\Editor\Data\PlaybackEngines\AndroidPlayer\OpenJDK\bin\server\jvm.dll
0x00007fff4c010000 - 0x00007fff4c0be000 	C:\Windows\System32\ADVAPI32.dll
0x00007fff4ac10000 - 0x00007fff4acac000 	C:\Windows\System32\sechost.dll
0x00007fff4b410000 - 0x00007fff4b535000 	C:\Windows\System32\RPCRT4.dll
0x00007fff4bee0000 - 0x00007fff4bee8000 	C:\Windows\System32\PSAPI.DLL
0x00007ffee49b0000 - 0x00007ffee49b9000 	C:\Windows\SYSTEM32\WSOCK32.dll
0x00007fff4bef0000 - 0x00007fff4bf5b000 	C:\Windows\System32\WS2_32.dll
0x00007fff44250000 - 0x00007fff4425a000 	C:\Windows\SYSTEM32\VERSION.dll
0x00007fff41370000 - 0x00007fff41397000 	C:\Windows\SYSTEM32\WINMM.dll
0x00007fff48160000 - 0x00007fff48172000 	C:\Windows\SYSTEM32\kernel.appcore.dll
0x00007ffefe180000 - 0x00007ffefe190000 	D:\Program Files\Unity3d\2022.3.11f1c1\Editor\Data\PlaybackEngines\AndroidPlayer\OpenJDK\bin\verify.dll
0x00007fff3f770000 - 0x00007fff3f954000 	C:\Windows\SYSTEM32\DBGHELP.DLL
0x00007fff2d180000 - 0x00007fff2d1b5000 	C:\Windows\SYSTEM32\dbgcore.DLL
0x00007fff4a760000 - 0x00007fff4a7e2000 	C:\Windows\System32\bcryptPrimitives.dll
0x00007ffee6c80000 - 0x00007ffee6ca8000 	D:\Program Files\Unity3d\2022.3.11f1c1\Editor\Data\PlaybackEngines\AndroidPlayer\OpenJDK\bin\java.dll
0x00007ffeec250000 - 0x00007ffeec25a000 	D:\Program Files\Unity3d\2022.3.11f1c1\Editor\Data\PlaybackEngines\AndroidPlayer\OpenJDK\bin\jimage.dll
0x00007ffeeaf00000 - 0x00007ffeeaf18000 	D:\Program Files\Unity3d\2022.3.11f1c1\Editor\Data\PlaybackEngines\AndroidPlayer\OpenJDK\bin\zip.dll

dbghelp: loaded successfully - version: 4.0.5 - missing functions: none
symbol engine: initialized successfully - sym options: 0x614 - pdb path: .;D:\Program Files\Unity3d\2022.3.11f1c1\Editor\Data\PlaybackEngines\AndroidPlayer\OpenJDK\bin;C:\Windows\SYSTEM32;C:\Windows\WinSxS\amd64_microsoft.windows.common-controls_6595b64144ccf1df_6.0.19041.1110_none_60b5254171f9507e;D:\Program Files\Unity3d\2022.3.11f1c1\Editor\Data\PlaybackEngines\AndroidPlayer\OpenJDK\bin\server

VM Arguments:
java_command: <unknown>
java_class_path (initial): <not set>
Launcher Type: SUN_STANDARD

[Global flags]
     intx CICompilerCount                          = 12                                        {product} {ergonomic}
     uint ConcGCThreads                            = 4                                         {product} {ergonomic}
     uint G1ConcRefinementThreads                  = 15                                        {product} {ergonomic}
   size_t G1HeapRegionSize                         = 2097152                                   {product} {ergonomic}
    uintx GCDrainStackTargetSize                   = 64                                        {product} {ergonomic}
   size_t InitialHeapSize                          = 534773760                                 {product} {ergonomic}
   size_t MarkStackSize                            = 4194304                                   {product} {ergonomic}
   size_t MaxHeapSize                              = 8541700096                                {product} {ergonomic}
   size_t MinHeapDeltaBytes                        = 2097152                                   {product} {ergonomic}
    uintx NonNMethodCodeHeapSize                   = 7594288                                {pd product} {ergonomic}
    uintx NonProfiledCodeHeapSize                  = 122031976                              {pd product} {ergonomic}
    uintx ProfiledCodeHeapSize                     = 122031976                              {pd product} {ergonomic}
    uintx ReservedCodeCacheSize                    = 251658240                              {pd product} {ergonomic}
     bool SegmentedCodeCache                       = true                                      {product} {ergonomic}
     bool UseCompressedClassPointers               = true                                 {lp64_product} {ergonomic}
     bool UseCompressedOops                        = true                                 {lp64_product} {ergonomic}
     bool UseG1GC                                  = true                                      {product} {ergonomic}
     bool UseLargePagesIndividualAllocation        = false                                  {pd product} {ergonomic}

Logging:
Log output configuration:
 #0: stdout all=warning uptime,level,tags
 #1: stderr all=off uptime,level,tags

Environment Variables:
JAVA_HOME=D:\Program Files\Unity3d\2022.3.11f1c1\Editor\Data\PlaybackEngines\AndroidPlayer\OpenJDK
PATH=C:\Program Files\Common Files\Oracle\Java\javapath;C:\Program Files\NVIDIA GPU Computing Toolkit\CUDA\v11.3\bin;C:\Program Files\NVIDIA GPU Computing Toolkit\CUDA\v11.3\libnvvp;D:\Program Files\ImageMagick-7.1.1-Q16-HDRI;C:\Program Files\PlasticSCM5\server;C:\Program Files\PlasticSCM5\client;C:\Windows\system32;C:\Windows;C:\Windows\System32\Wbem;C:\Windows\System32\WindowsPowerShell\v1.0\;C:\Windows\System32\OpenSSH\;C:\Program Files\TortoiseSVN\bin;C:\Program Files\Git\cmd;D:\Program Files\nodejs\;D:\Program Files\ffmpeg\bin;C:\Program Files\dotnet\;C:\Program Files\Go\bin;C:\Program Files\Docker\Docker\resources\bin;C:\Program Files\Git LFS;C:\Users\Administrator\AppData\Local\Android\Sdk\platform-tools;C:\Users\Administrator\AppData\Local\Android\Sdk\emulator;C:\Users\Administrator\AppData\Local\Android\Sdk\tools;C:\Users\Administrator\AppData\Local\Android\Sdk\tools\bin;C:\Users\Administrator\AppData\Local\Programs\Python\Python310\Scripts\;C:\Users\Administrator\AppData\Local\Programs\Python\Python310\;C:\Users\Administrator\AppData\Local\Microsoft\WindowsApps;D:\Program Files\Microsoft VS Code\bin;C:\Users\Administrator\AppData\Roaming\npm;C:\Program Files\dotnet;C:\Program Files\Go\bin;D:\Program Files\ffmpeg\bin;D:\Program Files\flutter\bin;C:\Program Files\Tesseract-OCR;C:\Users\Administrator\AppData\Local\GitHubDesktop\bin;C:\Users\Administrator\.dotnet\tools;D:\Program Files\Graphviz\bin;
USERNAME=Administrator
OS=Windows_NT
PROCESSOR_IDENTIFIER=Intel64 Family 6 Model 151 Stepping 2, GenuineIntel



---------------  S Y S T E M  ---------------

OS: Windows 10 , 64 bit Build 19041 (10.0.19041.2546)
OS uptime: 0 days 2:42 hours
Hyper-V role detected

CPU:total 20 (initial active 20) (10 cores per cpu, 2 threads per core) family 6 model 151 stepping 2 microcode 0x25, cmov, cx8, fxsr, mmx, sse, sse2, sse3, ssse3, sse4.1, sse4.2, popcnt, avx, avx2, aes, clmul, erms, 3dnowpref, lzcnt, ht, tsc, tscinvbit, bmi1, bmi2, adx, sha, fma

Memory: 4k page, system-wide physical 32577M (8628M free)
TotalPageFile size 38906M (AvailPageFile size 447M)
current process WorkingSet (physical memory assigned to process): 10M, peak: 10M
current process commit charge ("private bytes"): 76M, peak: 586M

vm_info: OpenJDK 64-Bit Server VM (11.0.14.1+1) for windows-amd64 JRE (11.0.14.1+1), built on Feb  9 2022 01:48:27 by "" with unknown MS VC++:1916

END.
